<?xml version="1.0" encoding="UTF-8"?>
<coverage generated="1771598041">
  <project timestamp="1771598041" name="Clover Coverage">
    <package name="App\Core\Customer\Application\Command">
      <file name="/srv/app/src/Core/Customer/Application/Command/CreateCustomerCommand.php">
        <class name="App\Core\Customer\Application\Command\CreateCustomerCommand" namespace="App\Core\Customer\Application\Command">
          <metrics complexity="1" methods="1" coveredmethods="1" conditionals="0" coveredconditionals="0" statements="1" coveredstatements="1" elements="2" coveredelements="2"/>
        </class>
        <line num="12" type="method" name="__construct" visibility="public" complexity="1" crap="1" count="98"/>
        <line num="15" type="stmt" count="98"/>
        <metrics loc="17" ncloc="17" classes="1" methods="1" coveredmethods="1" conditionals="0" coveredconditionals="0" statements="1" coveredstatements="1" elements="2" coveredelements="2"/>
      </file>
      <file name="/srv/app/src/Core/Customer/Application/Command/CreateStatusCommand.php">
        <class name="App\Core\Customer\Application\Command\CreateStatusCommand" namespace="App\Core\Customer\Application\Command">
          <metrics complexity="1" methods="1" coveredmethods="1" conditionals="0" coveredconditionals="0" statements="1" coveredstatements="1" elements="2" coveredelements="2"/>
        </class>
        <line num="12" type="method" name="__construct" visibility="public" complexity="1" crap="1" count="140"/>
        <line num="15" type="stmt" count="140"/>
        <metrics loc="17" ncloc="17" classes="1" methods="1" coveredmethods="1" conditionals="0" coveredconditionals="0" statements="1" coveredstatements="1" elements="2" coveredelements="2"/>
      </file>
      <file name="/srv/app/src/Core/Customer/Application/Command/CreateTypeCommand.php">
        <class name="App\Core\Customer\Application\Command\CreateTypeCommand" namespace="App\Core\Customer\Application\Command">
          <metrics complexity="1" methods="1" coveredmethods="1" conditionals="0" coveredconditionals="0" statements="1" coveredstatements="1" elements="2" coveredelements="2"/>
        </class>
        <line num="12" type="method" name="__construct" visibility="public" complexity="1" crap="1" count="141"/>
        <line num="15" type="stmt" count="141"/>
        <metrics loc="17" ncloc="17" classes="1" methods="1" coveredmethods="1" conditionals="0" coveredconditionals="0" statements="1" coveredstatements="1" elements="2" coveredelements="2"/>
      </file>
      <file name="/srv/app/src/Core/Customer/Application/Command/DeleteCustomerCommand.php">
        <class name="App\Core\Customer\Application\Command\DeleteCustomerCommand" namespace="App\Core\Customer\Application\Command">
          <metrics complexity="1" methods="1" coveredmethods="1" conditionals="0" coveredconditionals="0" statements="1" coveredstatements="1" elements="2" coveredelements="2"/>
        </class>
        <line num="12" type="method" name="__construct" visibility="public" complexity="1" crap="1" count="5"/>
        <line num="15" type="stmt" count="5"/>
        <metrics loc="17" ncloc="17" classes="1" methods="1" coveredmethods="1" conditionals="0" coveredconditionals="0" statements="1" coveredstatements="1" elements="2" coveredelements="2"/>
      </file>
      <file name="/srv/app/src/Core/Customer/Application/Command/UpdateCustomerCommand.php">
        <class name="App\Core\Customer\Application\Command\UpdateCustomerCommand" namespace="App\Core\Customer\Application\Command">
          <metrics complexity="1" methods="1" coveredmethods="1" conditionals="0" coveredconditionals="0" statements="1" coveredstatements="1" elements="2" coveredelements="2"/>
        </class>
        <line num="13" type="method" name="__construct" visibility="public" complexity="1" crap="1" count="17"/>
        <line num="17" type="stmt" count="17"/>
        <metrics loc="19" ncloc="19" classes="1" methods="1" coveredmethods="1" conditionals="0" coveredconditionals="0" statements="1" coveredstatements="1" elements="2" coveredelements="2"/>
      </file>
      <file name="/srv/app/src/Core/Customer/Application/Command/UpdateCustomerStatusCommand.php">
        <class name="App\Core\Customer\Application\Command\UpdateCustomerStatusCommand" namespace="App\Core\Customer\Application\Command">
          <metrics complexity="1" methods="1" coveredmethods="1" conditionals="0" coveredconditionals="0" statements="1" coveredstatements="1" elements="2" coveredelements="2"/>
        </class>
        <line num="13" type="method" name="__construct" visibility="public" complexity="1" crap="1" count="9"/>
        <line num="17" type="stmt" count="9"/>
        <metrics loc="19" ncloc="19" classes="1" methods="1" coveredmethods="1" conditionals="0" coveredconditionals="0" statements="1" coveredstatements="1" elements="2" coveredelements="2"/>
      </file>
      <file name="/srv/app/src/Core/Customer/Application/Command/UpdateCustomerTypeCommand.php">
        <class name="App\Core\Customer\Application\Command\UpdateCustomerTypeCommand" namespace="App\Core\Customer\Application\Command">
          <metrics complexity="1" methods="1" coveredmethods="1" conditionals="0" coveredconditionals="0" statements="1" coveredstatements="1" elements="2" coveredelements="2"/>
        </class>
        <line num="13" type="method" name="__construct" visibility="public" complexity="1" crap="1" count="9"/>
        <line num="17" type="stmt" count="9"/>
        <metrics loc="19" ncloc="19" classes="1" methods="1" coveredmethods="1" conditionals="0" coveredconditionals="0" statements="1" coveredstatements="1" elements="2" coveredelements="2"/>
      </file>
    </package>
    <package name="App\Core\Customer\Application\CommandHandler">
      <file name="/srv/app/src/Core/Customer/Application/CommandHandler/CreateCustomerCommandHandler.php">
        <class name="App\Core\Customer\Application\CommandHandler\CreateCustomerCommandHandler" namespace="App\Core\Customer\Application\CommandHandler">
          <metrics complexity="2" methods="2" coveredmethods="2" conditionals="0" coveredconditionals="0" statements="9" coveredstatements="9" elements="11" coveredelements="11"/>
        </class>
        <line num="27" type="method" name="__construct" visibility="public" complexity="1" crap="1" count="160"/>
        <line num="31" type="stmt" count="160"/>
        <line num="33" type="method" name="__invoke" visibility="public" complexity="1" crap="1" count="94"/>
        <line num="35" type="stmt" count="94"/>
        <line num="36" type="stmt" count="94"/>
        <line num="39" type="stmt" count="94"/>
        <line num="40" type="stmt" count="94"/>
        <line num="41" type="stmt" count="94"/>
        <line num="42" type="stmt" count="94"/>
        <line num="43" type="stmt" count="94"/>
        <line num="44" type="stmt" count="94"/>
        <metrics loc="47" ncloc="34" classes="1" methods="2" coveredmethods="2" conditionals="0" coveredconditionals="0" statements="9" coveredstatements="9" elements="11" coveredelements="11"/>
      </file>
      <file name="/srv/app/src/Core/Customer/Application/CommandHandler/CreateStatusCommandHandler.php">
        <class name="App\Core\Customer\Application\CommandHandler\CreateStatusCommandHandler" namespace="App\Core\Customer\Application\CommandHandler">
          <metrics complexity="2" methods="2" coveredmethods="2" conditionals="0" coveredconditionals="0" statements="2" coveredstatements="2" elements="4" coveredelements="4"/>
        </class>
        <line num="13" type="method" name="__construct" visibility="public" complexity="1" crap="1" count="160"/>
        <line num="16" type="stmt" count="160"/>
        <line num="18" type="method" name="__invoke" visibility="public" complexity="1" crap="1" count="137"/>
        <line num="20" type="stmt" count="137"/>
        <metrics loc="23" ncloc="23" classes="1" methods="2" coveredmethods="2" conditionals="0" coveredconditionals="0" statements="2" coveredstatements="2" elements="4" coveredelements="4"/>
      </file>
      <file name="/srv/app/src/Core/Customer/Application/CommandHandler/CreateTypeCommandHandler.php">
        <class name="App\Core\Customer\Application\CommandHandler\CreateTypeCommandHandler" namespace="App\Core\Customer\Application\CommandHandler">
          <metrics complexity="2" methods="2" coveredmethods="2" conditionals="0" coveredconditionals="0" statements="2" coveredstatements="2" elements="4" coveredelements="4"/>
        </class>
        <line num="13" type="method" name="__construct" visibility="public" complexity="1" crap="1" count="160"/>
        <line num="16" type="stmt" count="160"/>
        <line num="18" type="method" name="__invoke" visibility="public" complexity="1" crap="1" count="138"/>
        <line num="20" type="stmt" count="138"/>
        <metrics loc="23" ncloc="23" classes="1" methods="2" coveredmethods="2" conditionals="0" coveredconditionals="0" statements="2" coveredstatements="2" elements="4" coveredelements="4"/>
      </file>
      <file name="/srv/app/src/Core/Customer/Application/CommandHandler/DeleteCustomerCommandHandler.php">
        <class name="App\Core\Customer\Application\CommandHandler\DeleteCustomerCommandHandler" namespace="App\Core\Customer\Application\CommandHandler">
          <metrics complexity="2" methods="2" coveredmethods="2" conditionals="0" coveredconditionals="0" statements="11" coveredstatements="11" elements="13" coveredelements="13"/>
        </class>
        <line num="22" type="method" name="__construct" visibility="public" complexity="1" crap="1" count="160"/>
        <line num="26" type="stmt" count="160"/>
        <line num="28" type="method" name="__invoke" visibility="public" complexity="1" crap="1" count="4"/>
        <line num="30" type="stmt" count="4"/>
        <line num="31" type="stmt" count="4"/>
        <line num="32" type="stmt" count="4"/>
        <line num="34" type="stmt" count="4"/>
        <line num="36" type="stmt" count="4"/>
        <line num="37" type="stmt" count="4"/>
        <line num="38" type="stmt" count="4"/>
        <line num="39" type="stmt" count="4"/>
        <line num="40" type="stmt" count="4"/>
        <line num="41" type="stmt" count="4"/>
        <metrics loc="44" ncloc="37" classes="1" methods="2" coveredmethods="2" conditionals="0" coveredconditionals="0" statements="11" coveredstatements="11" elements="13" coveredelements="13"/>
      </file>
      <file name="/srv/app/src/Core/Customer/Application/CommandHandler/UpdateCustomerCommandHandler.php">
        <class name="App\Core\Customer\Application\CommandHandler\UpdateCustomerCommandHandler" namespace="App\Core\Customer\Application\CommandHandler">
          <metrics complexity="3" methods="2" coveredmethods="2" conditionals="0" coveredconditionals="0" statements="14" coveredstatements="14" elements="16" coveredelements="16"/>
        </class>
        <line num="29" type="method" name="__construct" visibility="public" complexity="1" crap="1" count="161"/>
        <line num="33" type="stmt" count="161"/>
        <line num="35" type="method" name="__invoke" visibility="public" complexity="2" crap="2" count="13"/>
        <line num="37" type="stmt" count="13"/>
        <line num="40" type="stmt" count="13"/>
        <line num="42" type="stmt" count="13"/>
        <line num="43" type="stmt" count="13"/>
        <line num="45" type="stmt" count="13"/>
        <line num="46" type="stmt" count="13"/>
        <line num="49" type="stmt" count="13"/>
        <line num="50" type="stmt" count="13"/>
        <line num="51" type="stmt" count="13"/>
        <line num="52" type="stmt" count="13"/>
        <line num="53" type="stmt" count="13"/>
        <line num="54" type="stmt" count="13"/>
        <line num="55" type="stmt" count="13"/>
        <metrics loc="58" ncloc="43" classes="1" methods="2" coveredmethods="2" conditionals="0" coveredconditionals="0" statements="14" coveredstatements="14" elements="16" coveredelements="16"/>
      </file>
      <file name="/srv/app/src/Core/Customer/Application/CommandHandler/UpdateStatusCommandHandler.php">
        <class name="App\Core\Customer\Application\CommandHandler\UpdateStatusCommandHandler" namespace="App\Core\Customer\Application\CommandHandler">
          <metrics complexity="2" methods="2" coveredmethods="2" conditionals="0" coveredconditionals="0" statements="3" coveredstatements="3" elements="5" coveredelements="5"/>
        </class>
        <line num="14" type="method" name="__construct" visibility="public" complexity="1" crap="1" count="161"/>
        <line num="17" type="stmt" count="161"/>
        <line num="19" type="method" name="__invoke" visibility="public" complexity="1" crap="1" count="5"/>
        <line num="21" type="stmt" count="5"/>
        <line num="22" type="stmt" count="5"/>
        <metrics loc="25" ncloc="25" classes="1" methods="2" coveredmethods="2" conditionals="0" coveredconditionals="0" statements="3" coveredstatements="3" elements="5" coveredelements="5"/>
      </file>
      <file name="/srv/app/src/Core/Customer/Application/CommandHandler/UpdateTypeCommandHandler.php">
        <class name="App\Core\Customer\Application\CommandHandler\UpdateTypeCommandHandler" namespace="App\Core\Customer\Application\CommandHandler">
          <metrics complexity="2" methods="2" coveredmethods="2" conditionals="0" coveredconditionals="0" statements="3" coveredstatements="3" elements="5" coveredelements="5"/>
        </class>
        <line num="14" type="method" name="__construct" visibility="public" complexity="1" crap="1" count="161"/>
        <line num="17" type="stmt" count="161"/>
        <line num="19" type="method" name="__invoke" visibility="public" complexity="1" crap="1" count="6"/>
        <line num="21" type="stmt" count="6"/>
        <line num="22" type="stmt" count="6"/>
        <metrics loc="25" ncloc="25" classes="1" methods="2" coveredmethods="2" conditionals="0" coveredconditionals="0" statements="3" coveredstatements="3" elements="5" coveredelements="5"/>
      </file>
    </package>
    <package name="App\Core\Customer\Application\DTO">
      <file name="/srv/app/src/Core/Customer/Application/DTO/CustomerCreate.php">
        <class name="App\Core\Customer\Application\DTO\CustomerCreate" namespace="App\Core\Customer\Application\DTO">
          <metrics complexity="1" methods="1" coveredmethods="1" conditionals="0" coveredconditionals="0" statements="7" coveredstatements="7" elements="8" coveredelements="8"/>
        </class>
        <line num="23" type="method" name="__construct" visibility="public" complexity="1" crap="1" count="117"/>
        <line num="32" type="stmt" count="117"/>
        <line num="33" type="stmt" count="117"/>
        <line num="34" type="stmt" count="117"/>
        <line num="35" type="stmt" count="117"/>
        <line num="36" type="stmt" count="117"/>
        <line num="37" type="stmt" count="117"/>
        <line num="38" type="stmt" count="117"/>
        <metrics loc="41" ncloc="41" classes="1" methods="1" coveredmethods="1" conditionals="0" coveredconditionals="0" statements="7" coveredstatements="7" elements="8" coveredelements="8"/>
      </file>
      <file name="/srv/app/src/Core/Customer/Application/DTO/CustomerPatch.php">
        <class name="App\Core\Customer\Application\DTO\CustomerPatch" namespace="App\Core\Customer\Application\DTO">
          <metrics complexity="1" methods="1" coveredmethods="1" conditionals="0" coveredconditionals="0" statements="8" coveredstatements="8" elements="9" coveredelements="9"/>
        </class>
        <line num="25" type="method" name="__construct" visibility="public" complexity="1" crap="1" count="29"/>
        <line num="35" type="stmt" count="29"/>
        <line num="36" type="stmt" count="29"/>
        <line num="37" type="stmt" count="29"/>
        <line num="38" type="stmt" count="29"/>
        <line num="39" type="stmt" count="29"/>
        <line num="40" type="stmt" count="29"/>
        <line num="41" type="stmt" count="29"/>
        <line num="42" type="stmt" count="29"/>
        <metrics loc="45" ncloc="45" classes="1" methods="1" coveredmethods="1" conditionals="0" coveredconditionals="0" statements="8" coveredstatements="8" elements="9" coveredelements="9"/>
      </file>
      <file name="/srv/app/src/Core/Customer/Application/DTO/CustomerPut.php">
        <class name="App\Core\Customer\Application\DTO\CustomerPut" namespace="App\Core\Customer\Application\DTO">
          <metrics complexity="1" methods="1" coveredmethods="1" conditionals="0" coveredconditionals="0" statements="1" coveredstatements="1" elements="2" coveredelements="2"/>
        </class>
        <line num="9" type="method" name="__construct" visibility="public" complexity="1" crap="1" count="18"/>
        <line num="18" type="stmt" count="18"/>
        <metrics loc="20" ncloc="20" classes="1" methods="1" coveredmethods="1" conditionals="0" coveredconditionals="0" statements="1" coveredstatements="1" elements="2" coveredelements="2"/>
      </file>
      <file name="/srv/app/src/Core/Customer/Application/DTO/StatusCreate.php">
        <class name="App\Core\Customer\Application\DTO\StatusCreate" namespace="App\Core\Customer\Application\DTO">
          <metrics complexity="1" methods="1" coveredmethods="1" conditionals="0" coveredconditionals="0" statements="1" coveredstatements="1" elements="2" coveredelements="2"/>
        </class>
        <line num="11" type="method" name="__construct" visibility="public" complexity="1" crap="1" count="141"/>
        <line num="13" type="stmt" count="141"/>
        <metrics loc="16" ncloc="16" classes="1" methods="1" coveredmethods="1" conditionals="0" coveredconditionals="0" statements="1" coveredstatements="1" elements="2" coveredelements="2"/>
      </file>
      <file name="/srv/app/src/Core/Customer/Application/DTO/StatusPatch.php">
        <class name="App\Core\Customer\Application\DTO\StatusPatch" namespace="App\Core\Customer\Application\DTO">
          <metrics complexity="1" methods="1" coveredmethods="1" conditionals="0" coveredconditionals="0" statements="2" coveredstatements="2" elements="3" coveredelements="3"/>
        </class>
        <line num="13" type="method" name="__construct" visibility="public" complexity="1" crap="1" count="15"/>
        <line num="15" type="stmt" count="15"/>
        <line num="16" type="stmt" count="15"/>
        <metrics loc="19" ncloc="19" classes="1" methods="1" coveredmethods="1" conditionals="0" coveredconditionals="0" statements="2" coveredstatements="2" elements="3" coveredelements="3"/>
      </file>
      <file name="/srv/app/src/Core/Customer/Application/DTO/StatusPut.php">
        <class name="App\Core\Customer\Application\DTO\StatusPut" namespace="App\Core\Customer\Application\DTO">
          <metrics complexity="1" methods="1" coveredmethods="1" conditionals="0" coveredconditionals="0" statements="1" coveredstatements="1" elements="2" coveredelements="2"/>
        </class>
        <line num="9" type="method" name="__construct" visibility="public" complexity="1" crap="1" count="6"/>
        <line num="12" type="stmt" count="6"/>
        <metrics loc="14" ncloc="14" classes="1" methods="1" coveredmethods="1" conditionals="0" coveredconditionals="0" statements="1" coveredstatements="1" elements="2" coveredelements="2"/>
      </file>
      <file name="/srv/app/src/Core/Customer/Application/DTO/TypeCreate.php">
        <class name="App\Core\Customer\Application\DTO\TypeCreate" namespace="App\Core\Customer\Application\DTO">
          <metrics complexity="1" methods="1" coveredmethods="1" conditionals="0" coveredconditionals="0" statements="1" coveredstatements="1" elements="2" coveredelements="2"/>
        </class>
        <line num="11" type="method" name="__construct" visibility="public" complexity="1" crap="1" count="142"/>
        <line num="13" type="stmt" count="142"/>
        <metrics loc="16" ncloc="16" classes="1" methods="1" coveredmethods="1" conditionals="0" coveredconditionals="0" statements="1" coveredstatements="1" elements="2" coveredelements="2"/>
      </file>
      <file name="/srv/app/src/Core/Customer/Application/DTO/TypePatch.php">
        <class name="App\Core\Customer\Application\DTO\TypePatch" namespace="App\Core\Customer\Application\DTO">
          <metrics complexity="1" methods="1" coveredmethods="1" conditionals="0" coveredconditionals="0" statements="2" coveredstatements="2" elements="3" coveredelements="3"/>
        </class>
        <line num="13" type="method" name="__construct" visibility="public" complexity="1" crap="1" count="9"/>
        <line num="15" type="stmt" count="9"/>
        <line num="16" type="stmt" count="9"/>
        <metrics loc="19" ncloc="19" classes="1" methods="1" coveredmethods="1" conditionals="0" coveredconditionals="0" statements="2" coveredstatements="2" elements="3" coveredelements="3"/>
      </file>
      <file name="/srv/app/src/Core/Customer/Application/DTO/TypePut.php">
        <class name="App\Core\Customer\Application\DTO\TypePut" namespace="App\Core\Customer\Application\DTO">
          <metrics complexity="1" methods="1" coveredmethods="1" conditionals="0" coveredconditionals="0" statements="1" coveredstatements="1" elements="2" coveredelements="2"/>
        </class>
        <line num="9" type="method" name="__construct" visibility="public" complexity="1" crap="1" count="5"/>
        <line num="12" type="stmt" count="5"/>
        <metrics loc="14" ncloc="14" classes="1" methods="1" coveredmethods="1" conditionals="0" coveredconditionals="0" statements="1" coveredstatements="1" elements="2" coveredelements="2"/>
      </file>
    </package>
    <file name="/srv/app/src/Core/Customer/Application/EventSubscriber/CustomerCacheInvalidationSubscriberInterface.php">
      <metrics loc="17" ncloc="12" classes="0" methods="0" coveredmethods="0" conditionals="0" coveredconditionals="0" statements="0" coveredstatements="0" elements="0" coveredelements="0"/>
    </file>
    <package name="App\Core\Customer\Application\EventSubscriber">
      <file name="/srv/app/src/Core/Customer/Application/EventSubscriber/CustomerCreatedCacheInvalidationSubscriber.php">
        <class name="App\Core\Customer\Application\EventSubscriber\CustomerCreatedCacheInvalidationSubscriber" namespace="App\Core\Customer\Application\EventSubscriber">
          <metrics complexity="3" methods="3" coveredmethods="3" conditionals="0" coveredconditionals="0" statements="12" coveredstatements="12" elements="15" coveredelements="15"/>
        </class>
        <line num="25" type="method" name="__construct" visibility="public" complexity="1" crap="1" count="100"/>
        <line num="30" type="stmt" count="100"/>
        <line num="32" type="method" name="__invoke" visibility="public" complexity="1" crap="1" count="95"/>
        <line num="34" type="stmt" count="95"/>
        <line num="35" type="stmt" count="95"/>
        <line num="36" type="stmt" count="95"/>
        <line num="37" type="stmt" count="95"/>
        <line num="38" type="stmt" count="95"/>
        <line num="40" type="stmt" count="94"/>
        <line num="41" type="stmt" count="94"/>
        <line num="42" type="stmt" count="94"/>
        <line num="43" type="stmt" count="94"/>
        <line num="44" type="stmt" count="94"/>
        <line num="50" type="method" name="subscribedTo" visibility="public" complexity="1" crap="1" count="98"/>
        <line num="53" type="stmt" count="98"/>
        <metrics loc="56" ncloc="43" classes="1" methods="3" coveredmethods="3" conditionals="0" coveredconditionals="0" statements="12" coveredstatements="12" elements="15" coveredelements="15"/>
      </file>
      <file name="/srv/app/src/Core/Customer/Application/EventSubscriber/CustomerCreatedMetricsSubscriber.php">
        <class name="App\Core\Customer\Application\EventSubscriber\CustomerCreatedMetricsSubscriber" namespace="App\Core\Customer\Application\EventSubscriber">
          <metrics complexity="3" methods="3" coveredmethods="3" conditionals="0" coveredconditionals="0" statements="3" coveredstatements="3" elements="6" coveredelements="6"/>
        </class>
        <line num="25" type="method" name="__construct" visibility="public" complexity="1" crap="1" count="100"/>
        <line num="29" type="stmt" count="100"/>
        <line num="31" type="method" name="__invoke" visibility="public" complexity="1" crap="1" count="95"/>
        <line num="33" type="stmt" count="95"/>
        <line num="39" type="method" name="subscribedTo" visibility="public" complexity="1" crap="1" count="98"/>
        <line num="42" type="stmt" count="98"/>
        <metrics loc="45" ncloc="31" classes="1" methods="3" coveredmethods="3" conditionals="0" coveredconditionals="0" statements="3" coveredstatements="3" elements="6" coveredelements="6"/>
      </file>
      <file name="/srv/app/src/Core/Customer/Application/EventSubscriber/CustomerDeletedCacheInvalidationSubscriber.php">
        <class name="App\Core\Customer\Application\EventSubscriber\CustomerDeletedCacheInvalidationSubscriber" namespace="App\Core\Customer\Application\EventSubscriber">
          <metrics complexity="3" methods="3" coveredmethods="3" conditionals="0" coveredconditionals="0" statements="12" coveredstatements="12" elements="15" coveredelements="15"/>
        </class>
        <line num="25" type="method" name="__construct" visibility="public" complexity="1" crap="1" count="100"/>
        <line num="30" type="stmt" count="100"/>
        <line num="32" type="method" name="__invoke" visibility="public" complexity="1" crap="1" count="6"/>
        <line num="34" type="stmt" count="6"/>
        <line num="35" type="stmt" count="6"/>
        <line num="36" type="stmt" count="6"/>
        <line num="37" type="stmt" count="6"/>
        <line num="38" type="stmt" count="6"/>
        <line num="40" type="stmt" count="5"/>
        <line num="41" type="stmt" count="5"/>
        <line num="42" type="stmt" count="5"/>
        <line num="43" type="stmt" count="5"/>
        <line num="44" type="stmt" count="5"/>
        <line num="50" type="method" name="subscribedTo" visibility="public" complexity="1" crap="1" count="98"/>
        <line num="53" type="stmt" count="98"/>
        <metrics loc="56" ncloc="43" classes="1" methods="3" coveredmethods="3" conditionals="0" coveredconditionals="0" statements="12" coveredstatements="12" elements="15" coveredelements="15"/>
      </file>
      <file name="/srv/app/src/Core/Customer/Application/EventSubscriber/CustomerDeletedMetricsSubscriber.php">
        <class name="App\Core\Customer\Application\EventSubscriber\CustomerDeletedMetricsSubscriber" namespace="App\Core\Customer\Application\EventSubscriber">
          <metrics complexity="3" methods="3" coveredmethods="3" conditionals="0" coveredconditionals="0" statements="3" coveredstatements="3" elements="6" coveredelements="6"/>
        </class>
        <line num="25" type="method" name="__construct" visibility="public" complexity="1" crap="1" count="100"/>
        <line num="29" type="stmt" count="100"/>
        <line num="31" type="method" name="__invoke" visibility="public" complexity="1" crap="1" count="6"/>
        <line num="33" type="stmt" count="6"/>
        <line num="39" type="method" name="subscribedTo" visibility="public" complexity="1" crap="1" count="98"/>
        <line num="42" type="stmt" count="98"/>
        <metrics loc="45" ncloc="31" classes="1" methods="3" coveredmethods="3" conditionals="0" coveredconditionals="0" statements="3" coveredstatements="3" elements="6" coveredelements="6"/>
      </file>
      <file name="/srv/app/src/Core/Customer/Application/EventSubscriber/CustomerUpdatedCacheInvalidationSubscriber.php">
        <class name="App\Core\Customer\Application\EventSubscriber\CustomerUpdatedCacheInvalidationSubscriber" namespace="App\Core\Customer\Application\EventSubscriber">
          <metrics complexity="7" methods="5" coveredmethods="5" conditionals="0" coveredconditionals="0" statements="20" coveredstatements="20" elements="25" coveredelements="25"/>
        </class>
        <line num="26" type="method" name="__construct" visibility="public" complexity="1" crap="1" count="101"/>
        <line num="31" type="stmt" count="101"/>
        <line num="33" type="method" name="__invoke" visibility="public" complexity="1" crap="1" count="16"/>
        <line num="35" type="stmt" count="16"/>
        <line num="36" type="stmt" count="16"/>
        <line num="37" type="stmt" count="15"/>
        <line num="43" type="method" name="subscribedTo" visibility="public" complexity="1" crap="1" count="98"/>
        <line num="46" type="stmt" count="98"/>
        <line num="52" type="method" name="buildTagsToInvalidate" visibility="private" complexity="3" crap="3" count="16"/>
        <line num="54" type="stmt" count="16"/>
        <line num="55" type="stmt" count="16"/>
        <line num="56" type="stmt" count="16"/>
        <line num="57" type="stmt" count="16"/>
        <line num="58" type="stmt" count="16"/>
        <line num="61" type="stmt" count="16"/>
        <line num="62" type="stmt" count="8"/>
        <line num="63" type="stmt" count="8"/>
        <line num="66" type="stmt" count="16"/>
        <line num="69" type="method" name="logSuccess" visibility="private" complexity="1" crap="1" count="15"/>
        <line num="71" type="stmt" count="15"/>
        <line num="72" type="stmt" count="15"/>
        <line num="73" type="stmt" count="15"/>
        <line num="74" type="stmt" count="15"/>
        <line num="75" type="stmt" count="15"/>
        <line num="76" type="stmt" count="15"/>
        <metrics loc="79" ncloc="61" classes="1" methods="5" coveredmethods="5" conditionals="0" coveredconditionals="0" statements="20" coveredstatements="20" elements="25" coveredelements="25"/>
      </file>
      <file name="/srv/app/src/Core/Customer/Application/EventSubscriber/CustomerUpdatedMetricsSubscriber.php">
        <class name="App\Core\Customer\Application\EventSubscriber\CustomerUpdatedMetricsSubscriber" namespace="App\Core\Customer\Application\EventSubscriber">
          <metrics complexity="3" methods="3" coveredmethods="3" conditionals="0" coveredconditionals="0" statements="3" coveredstatements="3" elements="6" coveredelements="6"/>
        </class>
        <line num="25" type="method" name="__construct" visibility="public" complexity="1" crap="1" count="100"/>
        <line num="29" type="stmt" count="100"/>
        <line num="31" type="method" name="__invoke" visibility="public" complexity="1" crap="1" count="15"/>
        <line num="33" type="stmt" count="15"/>
        <line num="39" type="method" name="subscribedTo" visibility="public" complexity="1" crap="1" count="98"/>
        <line num="42" type="stmt" count="98"/>
        <metrics loc="45" ncloc="31" classes="1" methods="3" coveredmethods="3" conditionals="0" coveredconditionals="0" statements="3" coveredstatements="3" elements="6" coveredelements="6"/>
      </file>
    </package>
    <package name="App\Core\Customer\Application\Factory">
      <file name="/srv/app/src/Core/Customer/Application/Factory/CreateCustomerFactory.php">
        <class name="App\Core\Customer\Application\Factory\CreateCustomerFactory" namespace="App\Core\Customer\Application\Factory">
          <metrics complexity="1" methods="1" coveredmethods="1" conditionals="0" coveredconditionals="0" statements="3" coveredstatements="3" elements="4" coveredelements="4"/>
        </class>
        <line num="12" type="method" name="create" visibility="public" complexity="1" crap="1" count="94"/>
        <line num="16" type="stmt" count="94"/>
        <line num="17" type="stmt" count="94"/>
        <line num="18" type="stmt" count="94"/>
        <metrics loc="21" ncloc="21" classes="1" methods="1" coveredmethods="1" conditionals="0" coveredconditionals="0" statements="3" coveredstatements="3" elements="4" coveredelements="4"/>
      </file>
      <file name="/srv/app/src/Core/Customer/Application/Factory/CreateStatusFactory.php">
        <class name="App\Core\Customer\Application\Factory\CreateStatusFactory" namespace="App\Core\Customer\Application\Factory">
          <metrics complexity="1" methods="1" coveredmethods="1" conditionals="0" coveredconditionals="0" statements="1" coveredstatements="1" elements="2" coveredelements="2"/>
        </class>
        <line num="12" type="method" name="create" visibility="public" complexity="1" crap="1" count="137"/>
        <line num="15" type="stmt" count="137"/>
        <metrics loc="18" ncloc="18" classes="1" methods="1" coveredmethods="1" conditionals="0" coveredconditionals="0" statements="1" coveredstatements="1" elements="2" coveredelements="2"/>
      </file>
      <file name="/srv/app/src/Core/Customer/Application/Factory/CreateTypeFactory.php">
        <class name="App\Core\Customer\Application\Factory\CreateTypeFactory" namespace="App\Core\Customer\Application\Factory">
          <metrics complexity="1" methods="1" coveredmethods="1" conditionals="0" coveredconditionals="0" statements="1" coveredstatements="1" elements="2" coveredelements="2"/>
        </class>
        <line num="12" type="method" name="create" visibility="public" complexity="1" crap="1" count="138"/>
        <line num="15" type="stmt" count="138"/>
        <metrics loc="18" ncloc="18" classes="1" methods="1" coveredmethods="1" conditionals="0" coveredconditionals="0" statements="1" coveredstatements="1" elements="2" coveredelements="2"/>
      </file>
      <file name="/srv/app/src/Core/Customer/Application/Factory/CustomerUpdateFactory.php">
        <class name="App\Core\Customer\Application\Factory\CustomerUpdateFactory" namespace="App\Core\Customer\Application\Factory">
          <metrics complexity="2" methods="2" coveredmethods="2" conditionals="0" coveredconditionals="0" statements="11" coveredstatements="11" elements="13" coveredelements="13"/>
        </class>
        <line num="15" type="method" name="__construct" visibility="public" complexity="1" crap="1" count="8"/>
        <line num="19" type="stmt" count="8"/>
        <line num="32" type="method" name="create" visibility="public" complexity="1" crap="1" count="7"/>
        <line num="35" type="stmt" count="7"/>
        <line num="37" type="stmt" count="7"/>
        <line num="38" type="stmt" count="7"/>
        <line num="39" type="stmt" count="7"/>
        <line num="40" type="stmt" count="7"/>
        <line num="41" type="stmt" count="7"/>
        <line num="42" type="stmt" count="7"/>
        <line num="43" type="stmt" count="7"/>
        <line num="44" type="stmt" count="7"/>
        <line num="45" type="stmt" count="7"/>
        <metrics loc="48" ncloc="37" classes="1" methods="2" coveredmethods="2" conditionals="0" coveredconditionals="0" statements="11" coveredstatements="11" elements="13" coveredelements="13"/>
      </file>
      <file name="/srv/app/src/Core/Customer/Application/Factory/CustomersCreatedMetricFactory.php">
        <class name="App\Core\Customer\Application\Factory\CustomersCreatedMetricFactory" namespace="App\Core\Customer\Application\Factory">
          <metrics complexity="1" methods="1" coveredmethods="1" conditionals="0" coveredconditionals="0" statements="1" coveredstatements="1" elements="2" coveredelements="2"/>
        </class>
        <line num="16" type="method" name="create" visibility="public" complexity="1" crap="1" count="95"/>
        <line num="19" type="stmt" count="95"/>
        <metrics loc="22" ncloc="17" classes="1" methods="1" coveredmethods="1" conditionals="0" coveredconditionals="0" statements="1" coveredstatements="1" elements="2" coveredelements="2"/>
      </file>
      <file name="/srv/app/src/Core/Customer/Application/Factory/CustomersDeletedMetricFactory.php">
        <class name="App\Core\Customer\Application\Factory\CustomersDeletedMetricFactory" namespace="App\Core\Customer\Application\Factory">
          <metrics complexity="1" methods="1" coveredmethods="1" conditionals="0" coveredconditionals="0" statements="1" coveredstatements="1" elements="2" coveredelements="2"/>
        </class>
        <line num="16" type="method" name="create" visibility="public" complexity="1" crap="1" count="6"/>
        <line num="19" type="stmt" count="6"/>
        <metrics loc="22" ncloc="17" classes="1" methods="1" coveredmethods="1" conditionals="0" coveredconditionals="0" statements="1" coveredstatements="1" elements="2" coveredelements="2"/>
      </file>
      <file name="/srv/app/src/Core/Customer/Application/Factory/CustomersUpdatedMetricFactory.php">
        <class name="App\Core\Customer\Application\Factory\CustomersUpdatedMetricFactory" namespace="App\Core\Customer\Application\Factory">
          <metrics complexity="1" methods="1" coveredmethods="1" conditionals="0" coveredconditionals="0" statements="1" coveredstatements="1" elements="2" coveredelements="2"/>
        </class>
        <line num="16" type="method" name="create" visibility="public" complexity="1" crap="1" count="15"/>
        <line num="19" type="stmt" count="15"/>
        <metrics loc="22" ncloc="17" classes="1" methods="1" coveredmethods="1" conditionals="0" coveredconditionals="0" statements="1" coveredstatements="1" elements="2" coveredelements="2"/>
      </file>
      <file name="/srv/app/src/Core/Customer/Application/Factory/UpdateCustomerCommandFactory.php">
        <class name="App\Core\Customer\Application\Factory\UpdateCustomerCommandFactory" namespace="App\Core\Customer\Application\Factory">
          <metrics complexity="1" methods="1" coveredmethods="1" conditionals="0" coveredconditionals="0" statements="1" coveredstatements="1" elements="2" coveredelements="2"/>
        </class>
        <line num="14" type="method" name="create" visibility="public" complexity="1" crap="1" count="12"/>
        <line num="19" type="stmt" count="12"/>
        <metrics loc="22" ncloc="22" classes="1" methods="1" coveredmethods="1" conditionals="0" coveredconditionals="0" statements="1" coveredstatements="1" elements="2" coveredelements="2"/>
      </file>
      <file name="/srv/app/src/Core/Customer/Application/Factory/UpdateStatusCommandFactory.php">
        <class name="App\Core\Customer\Application\Factory\UpdateStatusCommandFactory" namespace="App\Core\Customer\Application\Factory">
          <metrics complexity="1" methods="1" coveredmethods="1" conditionals="0" coveredconditionals="0" statements="1" coveredstatements="1" elements="2" coveredelements="2"/>
        </class>
        <line num="14" type="method" name="create" visibility="public" complexity="1" crap="1" count="5"/>
        <line num="19" type="stmt" count="5"/>
        <metrics loc="22" ncloc="22" classes="1" methods="1" coveredmethods="1" conditionals="0" coveredconditionals="0" statements="1" coveredstatements="1" elements="2" coveredelements="2"/>
      </file>
      <file name="/srv/app/src/Core/Customer/Application/Factory/UpdateTypeCommandFactory.php">
        <class name="App\Core\Customer\Application\Factory\UpdateTypeCommandFactory" namespace="App\Core\Customer\Application\Factory">
          <metrics complexity="1" methods="1" coveredmethods="1" conditionals="0" coveredconditionals="0" statements="1" coveredstatements="1" elements="2" coveredelements="2"/>
        </class>
        <line num="14" type="method" name="create" visibility="public" complexity="1" crap="1" count="6"/>
        <line num="19" type="stmt" count="6"/>
        <metrics loc="22" ncloc="22" classes="1" methods="1" coveredmethods="1" conditionals="0" coveredconditionals="0" statements="1" coveredstatements="1" elements="2" coveredelements="2"/>
      </file>
    </package>
    <file name="/srv/app/src/Core/Customer/Application/Factory/CreateCustomerFactoryInterface.php">
      <metrics loc="16" ncloc="16" classes="0" methods="0" coveredmethods="0" conditionals="0" coveredconditionals="0" statements="0" coveredstatements="0" elements="0" coveredelements="0"/>
    </file>
    <file name="/srv/app/src/Core/Customer/Application/Factory/CreateStatusFactoryInterface.php">
      <metrics loc="16" ncloc="16" classes="0" methods="0" coveredmethods="0" conditionals="0" coveredconditionals="0" statements="0" coveredstatements="0" elements="0" coveredelements="0"/>
    </file>
    <file name="/srv/app/src/Core/Customer/Application/Factory/CreateTypeFactoryInterface.php">
      <metrics loc="16" ncloc="16" classes="0" methods="0" coveredmethods="0" conditionals="0" coveredconditionals="0" statements="0" coveredstatements="0" elements="0" coveredelements="0"/>
    </file>
    <file name="/srv/app/src/Core/Customer/Application/Factory/CustomerUpdateFactoryInterface.php">
      <metrics loc="25" ncloc="14" classes="0" methods="0" coveredmethods="0" conditionals="0" coveredconditionals="0" statements="0" coveredstatements="0" elements="0" coveredelements="0"/>
    </file>
    <file name="/srv/app/src/Core/Customer/Application/Factory/CustomersCreatedMetricFactoryInterface.php">
      <metrics loc="13" ncloc="13" classes="0" methods="0" coveredmethods="0" conditionals="0" coveredconditionals="0" statements="0" coveredstatements="0" elements="0" coveredelements="0"/>
    </file>
    <file name="/srv/app/src/Core/Customer/Application/Factory/CustomersDeletedMetricFactoryInterface.php">
      <metrics loc="13" ncloc="13" classes="0" methods="0" coveredmethods="0" conditionals="0" coveredconditionals="0" statements="0" coveredstatements="0" elements="0" coveredelements="0"/>
    </file>
    <file name="/srv/app/src/Core/Customer/Application/Factory/CustomersUpdatedMetricFactoryInterface.php">
      <metrics loc="13" ncloc="13" classes="0" methods="0" coveredmethods="0" conditionals="0" coveredconditionals="0" statements="0" coveredstatements="0" elements="0" coveredelements="0"/>
    </file>
    <file name="/srv/app/src/Core/Customer/Application/Factory/UpdateCustomerCommandFactoryInterface.php">
      <metrics loc="18" ncloc="18" classes="0" methods="0" coveredmethods="0" conditionals="0" coveredconditionals="0" statements="0" coveredstatements="0" elements="0" coveredelements="0"/>
    </file>
    <file name="/srv/app/src/Core/Customer/Application/Factory/UpdateStatusCommandFactoryInterface.php">
      <metrics loc="18" ncloc="18" classes="0" methods="0" coveredmethods="0" conditionals="0" coveredconditionals="0" statements="0" coveredstatements="0" elements="0" coveredelements="0"/>
    </file>
    <file name="/srv/app/src/Core/Customer/Application/Factory/UpdateTypeCommandFactoryInterface.php">
      <metrics loc="18" ncloc="18" classes="0" methods="0" coveredmethods="0" conditionals="0" coveredconditionals="0" statements="0" coveredstatements="0" elements="0" coveredelements="0"/>
    </file>
    <package name="App\Core\Customer\Application\Metric">
      <file name="/srv/app/src/Core/Customer/Application/Metric/CustomersCreatedMetric.php">
        <class name="App\Core\Customer\Application\Metric\CustomersCreatedMetric" namespace="App\Core\Customer\Application\Metric">
          <metrics complexity="4" methods="4" coveredmethods="4" conditionals="0" coveredconditionals="0" statements="4" coveredstatements="4" elements="8" coveredelements="8"/>
        </class>
        <line num="20" type="method" name="__construct" visibility="public" complexity="1" crap="1" count="100"/>
        <line num="22" type="stmt" count="100"/>
        <line num="25" type="method" name="name" visibility="public" complexity="1" crap="1" count="2"/>
        <line num="28" type="stmt" count="2"/>
        <line num="31" type="method" name="endpoint" visibility="protected" complexity="1" crap="1" count="2"/>
        <line num="34" type="stmt" count="2"/>
        <line num="37" type="method" name="operation" visibility="protected" complexity="1" crap="1" count="2"/>
        <line num="40" type="stmt" count="2"/>
        <metrics loc="43" ncloc="38" classes="1" methods="4" coveredmethods="4" conditionals="0" coveredconditionals="0" statements="4" coveredstatements="4" elements="8" coveredelements="8"/>
      </file>
      <file name="/srv/app/src/Core/Customer/Application/Metric/CustomersDeletedMetric.php">
        <class name="App\Core\Customer\Application\Metric\CustomersDeletedMetric" namespace="App\Core\Customer\Application\Metric">
          <metrics complexity="4" methods="4" coveredmethods="4" conditionals="0" coveredconditionals="0" statements="4" coveredstatements="4" elements="8" coveredelements="8"/>
        </class>
        <line num="20" type="method" name="__construct" visibility="public" complexity="1" crap="1" count="11"/>
        <line num="22" type="stmt" count="11"/>
        <line num="25" type="method" name="name" visibility="public" complexity="1" crap="1" count="2"/>
        <line num="28" type="stmt" count="2"/>
        <line num="31" type="method" name="endpoint" visibility="protected" complexity="1" crap="1" count="2"/>
        <line num="34" type="stmt" count="2"/>
        <line num="37" type="method" name="operation" visibility="protected" complexity="1" crap="1" count="2"/>
        <line num="40" type="stmt" count="2"/>
        <metrics loc="43" ncloc="38" classes="1" methods="4" coveredmethods="4" conditionals="0" coveredconditionals="0" statements="4" coveredstatements="4" elements="8" coveredelements="8"/>
      </file>
      <file name="/srv/app/src/Core/Customer/Application/Metric/CustomersUpdatedMetric.php">
        <class name="App\Core\Customer\Application\Metric\CustomersUpdatedMetric" namespace="App\Core\Customer\Application\Metric">
          <metrics complexity="4" methods="4" coveredmethods="4" conditionals="0" coveredconditionals="0" statements="4" coveredstatements="4" elements="8" coveredelements="8"/>
        </class>
        <line num="20" type="method" name="__construct" visibility="public" complexity="1" crap="1" count="20"/>
        <line num="22" type="stmt" count="20"/>
        <line num="25" type="method" name="name" visibility="public" complexity="1" crap="1" count="2"/>
        <line num="28" type="stmt" count="2"/>
        <line num="31" type="method" name="endpoint" visibility="protected" complexity="1" crap="1" count="2"/>
        <line num="34" type="stmt" count="2"/>
        <line num="37" type="method" name="operation" visibility="protected" complexity="1" crap="1" count="2"/>
        <line num="40" type="stmt" count="2"/>
        <metrics loc="43" ncloc="38" classes="1" methods="4" coveredmethods="4" conditionals="0" coveredconditionals="0" statements="4" coveredstatements="4" elements="8" coveredelements="8"/>
      </file>
    </package>
    <package name="App\Core\Customer\Application\MutationInput">
      <file name="/srv/app/src/Core/Customer/Application/MutationInput/CreateCustomerMutationInput.php">
        <class name="App\Core\Customer\Application\MutationInput\CreateCustomerMutationInput" namespace="App\Core\Customer\Application\MutationInput">
          <metrics complexity="1" methods="1" coveredmethods="1" conditionals="0" coveredconditionals="0" statements="1" coveredstatements="1" elements="2" coveredelements="2"/>
        </class>
        <line num="11" type="method" name="__construct" visibility="public" complexity="1" crap="1" count="6"/>
        <line num="20" type="stmt" count="6"/>
        <metrics loc="22" ncloc="22" classes="1" methods="1" coveredmethods="1" conditionals="0" coveredconditionals="0" statements="1" coveredstatements="1" elements="2" coveredelements="2"/>
      </file>
      <file name="/srv/app/src/Core/Customer/Application/MutationInput/CreateStatusMutationInput.php">
        <class name="App\Core\Customer\Application\MutationInput\CreateStatusMutationInput" namespace="App\Core\Customer\Application\MutationInput">
          <metrics complexity="1" methods="1" coveredmethods="1" conditionals="0" coveredconditionals="0" statements="1" coveredstatements="1" elements="2" coveredelements="2"/>
        </class>
        <line num="11" type="method" name="__construct" visibility="public" complexity="1" crap="1" count="5"/>
        <line num="14" type="stmt" count="5"/>
        <metrics loc="16" ncloc="16" classes="1" methods="1" coveredmethods="1" conditionals="0" coveredconditionals="0" statements="1" coveredstatements="1" elements="2" coveredelements="2"/>
      </file>
      <file name="/srv/app/src/Core/Customer/Application/MutationInput/CreateTypeMutationInput.php">
        <class name="App\Core\Customer\Application\MutationInput\CreateTypeMutationInput" namespace="App\Core\Customer\Application\MutationInput">
          <metrics complexity="1" methods="1" coveredmethods="1" conditionals="0" coveredconditionals="0" statements="1" coveredstatements="1" elements="2" coveredelements="2"/>
        </class>
        <line num="11" type="method" name="__construct" visibility="public" complexity="1" crap="1" count="6"/>
        <line num="14" type="stmt" count="6"/>
        <metrics loc="16" ncloc="16" classes="1" methods="1" coveredmethods="1" conditionals="0" coveredconditionals="0" statements="1" coveredstatements="1" elements="2" coveredelements="2"/>
      </file>
      <file name="/srv/app/src/Core/Customer/Application/MutationInput/UpdateCustomerMutationInput.php">
        <class name="App\Core\Customer\Application\MutationInput\UpdateCustomerMutationInput" namespace="App\Core\Customer\Application\MutationInput">
          <metrics complexity="1" methods="1" coveredmethods="1" conditionals="0" coveredconditionals="0" statements="1" coveredstatements="1" elements="2" coveredelements="2"/>
        </class>
        <line num="11" type="method" name="__construct" visibility="public" complexity="1" crap="1" count="10"/>
        <line num="20" type="stmt" count="10"/>
        <metrics loc="22" ncloc="22" classes="1" methods="1" coveredmethods="1" conditionals="0" coveredconditionals="0" statements="1" coveredstatements="1" elements="2" coveredelements="2"/>
      </file>
      <file name="/srv/app/src/Core/Customer/Application/MutationInput/UpdateStatusMutationInput.php">
        <class name="App\Core\Customer\Application\MutationInput\UpdateStatusMutationInput" namespace="App\Core\Customer\Application\MutationInput">
          <metrics complexity="1" methods="1" coveredmethods="1" conditionals="0" coveredconditionals="0" statements="1" coveredstatements="1" elements="2" coveredelements="2"/>
        </class>
        <line num="11" type="method" name="__construct" visibility="public" complexity="1" crap="1" count="7"/>
        <line num="14" type="stmt" count="7"/>
        <metrics loc="16" ncloc="16" classes="1" methods="1" coveredmethods="1" conditionals="0" coveredconditionals="0" statements="1" coveredstatements="1" elements="2" coveredelements="2"/>
      </file>
      <file name="/srv/app/src/Core/Customer/Application/MutationInput/UpdateTypeMutationInput.php">
        <class name="App\Core\Customer\Application\MutationInput\UpdateTypeMutationInput" namespace="App\Core\Customer\Application\MutationInput">
          <metrics complexity="1" methods="1" coveredmethods="1" conditionals="0" coveredconditionals="0" statements="1" coveredstatements="1" elements="2" coveredelements="2"/>
        </class>
        <line num="11" type="method" name="__construct" visibility="public" complexity="1" crap="1" count="7"/>
        <line num="14" type="stmt" count="7"/>
        <metrics loc="16" ncloc="16" classes="1" methods="1" coveredmethods="1" conditionals="0" coveredconditionals="0" statements="1" coveredstatements="1" elements="2" coveredelements="2"/>
      </file>
    </package>
    <package name="App\Core\Customer\Application\Processor">
      <file name="/srv/app/src/Core/Customer/Application/Processor/CreateCustomerProcessor.php">
        <class name="App\Core\Customer\Application\Processor\CreateCustomerProcessor" namespace="App\Core\Customer\Application\Processor">
          <metrics complexity="2" methods="2" coveredmethods="2" conditionals="0" coveredconditionals="0" statements="19" coveredstatements="19" elements="21" coveredelements="21"/>
        </class>
        <line num="21" type="method" name="__construct" visibility="public" complexity="1" crap="1" count="98"/>
        <line num="27" type="stmt" count="98"/>
        <line num="34" type="method" name="process" visibility="public" complexity="1" crap="1" count="98"/>
        <line num="41" type="stmt" count="98"/>
        <line num="42" type="stmt" count="98"/>
        <line num="43" type="stmt" count="96"/>
        <line num="44" type="stmt" count="96"/>
        <line num="45" type="stmt" count="94"/>
        <line num="46" type="stmt" count="94"/>
        <line num="47" type="stmt" count="94"/>
        <line num="48" type="stmt" count="94"/>
        <line num="49" type="stmt" count="94"/>
        <line num="50" type="stmt" count="94"/>
        <line num="51" type="stmt" count="94"/>
        <line num="52" type="stmt" count="94"/>
        <line num="53" type="stmt" count="94"/>
        <line num="54" type="stmt" count="94"/>
        <line num="55" type="stmt" count="94"/>
        <line num="56" type="stmt" count="94"/>
        <line num="57" type="stmt" count="94"/>
        <line num="59" type="stmt" count="94"/>
        <metrics loc="62" ncloc="54" classes="1" methods="2" coveredmethods="2" conditionals="0" coveredconditionals="0" statements="19" coveredstatements="19" elements="21" coveredelements="21"/>
      </file>
      <file name="/srv/app/src/Core/Customer/Application/Processor/CreateStatusProcessor.php">
        <class name="App\Core\Customer\Application\Processor\CreateStatusProcessor" namespace="App\Core\Customer\Application\Processor">
          <metrics complexity="2" methods="2" coveredmethods="2" conditionals="0" coveredconditionals="0" statements="7" coveredstatements="7" elements="9" coveredelements="9"/>
        </class>
        <line num="20" type="method" name="__construct" visibility="public" complexity="1" crap="1" count="137"/>
        <line num="25" type="stmt" count="137"/>
        <line num="32" type="method" name="process" visibility="public" complexity="1" crap="1" count="137"/>
        <line num="39" type="stmt" count="137"/>
        <line num="40" type="stmt" count="137"/>
        <line num="41" type="stmt" count="137"/>
        <line num="42" type="stmt" count="137"/>
        <line num="44" type="stmt" count="137"/>
        <line num="46" type="stmt" count="136"/>
        <metrics loc="49" ncloc="41" classes="1" methods="2" coveredmethods="2" conditionals="0" coveredconditionals="0" statements="7" coveredstatements="7" elements="9" coveredelements="9"/>
      </file>
      <file name="/srv/app/src/Core/Customer/Application/Processor/CreateTypeProcessor.php">
        <class name="App\Core\Customer\Application\Processor\CreateTypeProcessor" namespace="App\Core\Customer\Application\Processor">
          <metrics complexity="2" methods="2" coveredmethods="2" conditionals="0" coveredconditionals="0" statements="7" coveredstatements="7" elements="9" coveredelements="9"/>
        </class>
        <line num="20" type="method" name="__construct" visibility="public" complexity="1" crap="1" count="138"/>
        <line num="25" type="stmt" count="138"/>
        <line num="32" type="method" name="process" visibility="public" complexity="1" crap="1" count="138"/>
        <line num="39" type="stmt" count="138"/>
        <line num="40" type="stmt" count="138"/>
        <line num="41" type="stmt" count="138"/>
        <line num="42" type="stmt" count="138"/>
        <line num="44" type="stmt" count="138"/>
        <line num="46" type="stmt" count="137"/>
        <metrics loc="49" ncloc="41" classes="1" methods="2" coveredmethods="2" conditionals="0" coveredconditionals="0" statements="7" coveredstatements="7" elements="9" coveredelements="9"/>
      </file>
      <file name="/srv/app/src/Core/Customer/Application/Processor/CustomerDeleteProcessor.php">
        <class name="App\Core\Customer\Application\Processor\CustomerDeleteProcessor" namespace="App\Core\Customer\Application\Processor">
          <metrics complexity="3" methods="2" coveredmethods="2" conditionals="0" coveredconditionals="0" statements="5" coveredstatements="5" elements="7" coveredelements="7"/>
        </class>
        <line num="19" type="method" name="__construct" visibility="public" complexity="1" crap="1" count="5"/>
        <line num="22" type="stmt" count="5"/>
        <line num="28" type="method" name="process" visibility="public" complexity="2" crap="2" count="5"/>
        <line num="35" type="stmt" count="5"/>
        <line num="36" type="stmt" count="1"/>
        <line num="39" type="stmt" count="4"/>
        <line num="41" type="stmt" count="4"/>
        <metrics loc="44" ncloc="37" classes="1" methods="2" coveredmethods="2" conditionals="0" coveredconditionals="0" statements="5" coveredstatements="5" elements="7" coveredelements="7"/>
      </file>
      <file name="/srv/app/src/Core/Customer/Application/Processor/CustomerPatchProcessor.php">
        <class name="App\Core\Customer\Application\Processor\CustomerPatchProcessor" namespace="App\Core\Customer\Application\Processor">
          <metrics complexity="4" methods="4" coveredmethods="4" conditionals="0" coveredconditionals="0" statements="16" coveredstatements="16" elements="20" coveredelements="20"/>
        </class>
        <line num="25" type="method" name="__construct" visibility="public" complexity="1" crap="1" count="18"/>
        <line num="33" type="stmt" count="18"/>
        <line num="40" type="method" name="process" visibility="public" complexity="1" crap="1" count="18"/>
        <line num="47" type="stmt" count="18"/>
        <line num="48" type="stmt" count="18"/>
        <line num="49" type="stmt" count="18"/>
        <line num="50" type="stmt" count="18"/>
        <line num="51" type="stmt" count="18"/>
        <line num="53" type="stmt" count="17"/>
        <line num="54" type="stmt" count="16"/>
        <line num="55" type="stmt" count="12"/>
        <line num="57" type="stmt" count="12"/>
        <line num="60" type="method" name="retrieveCustomer" visibility="private" complexity="1" crap="1" count="17"/>
        <line num="62" type="stmt" count="17"/>
        <line num="64" type="stmt" count="17"/>
        <line num="65" type="stmt" count="17"/>
        <line num="68" type="method" name="dispatchUpdateCommand" visibility="private" complexity="1" crap="1" count="12"/>
        <line num="72" type="stmt" count="12"/>
        <line num="73" type="stmt" count="12"/>
        <line num="74" type="stmt" count="12"/>
        <metrics loc="77" ncloc="69" classes="1" methods="4" coveredmethods="4" conditionals="0" coveredconditionals="0" statements="16" coveredstatements="16" elements="20" coveredelements="20"/>
      </file>
      <file name="/srv/app/src/Core/Customer/Application/Processor/CustomerPutProcessor.php">
        <class name="App\Core\Customer\Application\Processor\CustomerPutProcessor" namespace="App\Core\Customer\Application\Processor">
          <metrics complexity="6" methods="5" coveredmethods="5" conditionals="0" coveredconditionals="0" statements="28" coveredstatements="28" elements="33" coveredelements="33"/>
        </class>
        <line num="23" type="method" name="__construct" visibility="public" complexity="1" crap="1" count="5"/>
        <line num="29" type="stmt" count="5"/>
        <line num="36" type="method" name="process" visibility="public" complexity="1" crap="1" count="5"/>
        <line num="43" type="stmt" count="5"/>
        <line num="44" type="stmt" count="4"/>
        <line num="45" type="stmt" count="4"/>
        <line num="46" type="stmt" count="4"/>
        <line num="47" type="stmt" count="4"/>
        <line num="48" type="stmt" count="4"/>
        <line num="49" type="stmt" count="4"/>
        <line num="50" type="stmt" count="4"/>
        <line num="51" type="stmt" count="4"/>
        <line num="52" type="stmt" count="4"/>
        <line num="55" type="method" name="retrieveCustomer" visibility="private" complexity="2" crap="2" count="5"/>
        <line num="57" type="stmt" count="5"/>
        <line num="58" type="stmt" count="5"/>
        <line num="59" type="stmt" count="1"/>
        <line num="61" type="stmt" count="4"/>
        <line num="64" type="method" name="convertResource" visibility="private" complexity="1" crap="1" count="4"/>
        <line num="66" type="stmt" count="4"/>
        <line num="69" type="method" name="executeUpdateCommand" visibility="private" complexity="1" crap="1" count="4"/>
        <line num="75" type="stmt" count="4"/>
        <line num="76" type="stmt" count="4"/>
        <line num="77" type="stmt" count="4"/>
        <line num="78" type="stmt" count="4"/>
        <line num="79" type="stmt" count="4"/>
        <line num="80" type="stmt" count="4"/>
        <line num="81" type="stmt" count="4"/>
        <line num="82" type="stmt" count="4"/>
        <line num="83" type="stmt" count="4"/>
        <line num="84" type="stmt" count="4"/>
        <line num="85" type="stmt" count="4"/>
        <line num="86" type="stmt" count="4"/>
        <metrics loc="89" ncloc="81" classes="1" methods="5" coveredmethods="5" conditionals="0" coveredconditionals="0" statements="28" coveredstatements="28" elements="33" coveredelements="33"/>
      </file>
      <file name="/srv/app/src/Core/Customer/Application/Processor/CustomerStatusPatchProcessor.php">
        <class name="App\Core\Customer\Application\Processor\CustomerStatusPatchProcessor" namespace="App\Core\Customer\Application\Processor">
          <metrics complexity="5" methods="3" coveredmethods="3" conditionals="0" coveredconditionals="0" statements="21" coveredstatements="21" elements="24" coveredelements="24"/>
        </class>
        <line num="22" type="method" name="__construct" visibility="public" complexity="1" crap="1" count="7"/>
        <line num="27" type="stmt" count="7"/>
        <line num="35" type="method" name="process" visibility="public" complexity="3" crap="3" count="7"/>
        <line num="42" type="stmt" count="7"/>
        <line num="43" type="stmt" count="1"/>
        <line num="44" type="stmt" count="1"/>
        <line num="45" type="stmt" count="1"/>
        <line num="46" type="stmt" count="1"/>
        <line num="47" type="stmt" count="1"/>
        <line num="50" type="stmt" count="6"/>
        <line num="51" type="stmt" count="6"/>
        <line num="52" type="stmt" count="6"/>
        <line num="53" type="stmt" count="6"/>
        <line num="54" type="stmt" count="6"/>
        <line num="56" type="stmt" count="5"/>
        <line num="57" type="stmt" count="4"/>
        <line num="60" type="stmt" count="5"/>
        <line num="63" type="method" name="dispatchCommand" visibility="private" complexity="1" crap="1" count="4"/>
        <line num="67" type="stmt" count="4"/>
        <line num="68" type="stmt" count="4"/>
        <line num="69" type="stmt" count="4"/>
        <line num="70" type="stmt" count="4"/>
        <line num="71" type="stmt" count="4"/>
        <line num="72" type="stmt" count="4"/>
        <metrics loc="75" ncloc="66" classes="1" methods="3" coveredmethods="3" conditionals="0" coveredconditionals="0" statements="21" coveredstatements="21" elements="24" coveredelements="24"/>
      </file>
      <file name="/srv/app/src/Core/Customer/Application/Processor/CustomerStatusPutProcessor.php">
        <class name="App\Core\Customer\Application\Processor\CustomerStatusPutProcessor" namespace="App\Core\Customer\Application\Processor">
          <metrics complexity="3" methods="3" coveredmethods="3" conditionals="0" coveredconditionals="0" statements="13" coveredstatements="13" elements="16" coveredelements="16"/>
        </class>
        <line num="23" type="method" name="__construct" visibility="public" complexity="1" crap="1" count="3"/>
        <line num="29" type="stmt" count="3"/>
        <line num="36" type="method" name="process" visibility="public" complexity="1" crap="1" count="3"/>
        <line num="43" type="stmt" count="3"/>
        <line num="44" type="stmt" count="3"/>
        <line num="45" type="stmt" count="3"/>
        <line num="46" type="stmt" count="3"/>
        <line num="48" type="stmt" count="2"/>
        <line num="50" type="stmt" count="2"/>
        <line num="53" type="method" name="dispatchCommand" visibility="private" complexity="1" crap="1" count="2"/>
        <line num="57" type="stmt" count="2"/>
        <line num="58" type="stmt" count="2"/>
        <line num="59" type="stmt" count="2"/>
        <line num="60" type="stmt" count="2"/>
        <line num="61" type="stmt" count="2"/>
        <line num="62" type="stmt" count="2"/>
        <metrics loc="65" ncloc="57" classes="1" methods="3" coveredmethods="3" conditionals="0" coveredconditionals="0" statements="13" coveredstatements="13" elements="16" coveredelements="16"/>
      </file>
      <file name="/srv/app/src/Core/Customer/Application/Processor/CustomerTypePatchProcessor.php">
        <class name="App\Core\Customer\Application\Processor\CustomerTypePatchProcessor" namespace="App\Core\Customer\Application\Processor">
          <metrics complexity="5" methods="3" coveredmethods="3" conditionals="0" coveredconditionals="0" statements="19" coveredstatements="19" elements="22" coveredelements="22"/>
        </class>
        <line num="26" type="method" name="__construct" visibility="public" complexity="1" crap="1" count="9"/>
        <line num="33" type="stmt" count="9"/>
        <line num="40" type="method" name="process" visibility="public" complexity="3" crap="3" count="9"/>
        <line num="47" type="stmt" count="9"/>
        <line num="48" type="stmt" count="9"/>
        <line num="49" type="stmt" count="9"/>
        <line num="50" type="stmt" count="9"/>
        <line num="51" type="stmt" count="9"/>
        <line num="52" type="stmt" count="8"/>
        <line num="54" type="stmt" count="8"/>
        <line num="55" type="stmt" count="8"/>
        <line num="56" type="stmt" count="8"/>
        <line num="59" type="stmt" count="7"/>
        <line num="60" type="stmt" count="6"/>
        <line num="63" type="stmt" count="7"/>
        <line num="66" type="method" name="dispatchCommand" visibility="private" complexity="1" crap="1" count="6"/>
        <line num="70" type="stmt" count="6"/>
        <line num="71" type="stmt" count="6"/>
        <line num="72" type="stmt" count="6"/>
        <line num="73" type="stmt" count="6"/>
        <line num="74" type="stmt" count="6"/>
        <line num="75" type="stmt" count="6"/>
        <metrics loc="78" ncloc="69" classes="1" methods="3" coveredmethods="3" conditionals="0" coveredconditionals="0" statements="19" coveredstatements="19" elements="22" coveredelements="22"/>
      </file>
      <file name="/srv/app/src/Core/Customer/Application/Processor/CustomerTypePutProcessor.php">
        <class name="App\Core\Customer\Application\Processor\CustomerTypePutProcessor" namespace="App\Core\Customer\Application\Processor">
          <metrics complexity="3" methods="3" coveredmethods="3" conditionals="0" coveredconditionals="0" statements="14" coveredstatements="14" elements="17" coveredelements="17"/>
        </class>
        <line num="23" type="method" name="__construct" visibility="public" complexity="1" crap="1" count="3"/>
        <line num="29" type="stmt" count="3"/>
        <line num="36" type="method" name="process" visibility="public" complexity="1" crap="1" count="3"/>
        <line num="43" type="stmt" count="3"/>
        <line num="44" type="stmt" count="3"/>
        <line num="45" type="stmt" count="3"/>
        <line num="46" type="stmt" count="3"/>
        <line num="47" type="stmt" count="3"/>
        <line num="49" type="stmt" count="2"/>
        <line num="51" type="stmt" count="2"/>
        <line num="54" type="method" name="dispatchCommand" visibility="private" complexity="1" crap="1" count="2"/>
        <line num="58" type="stmt" count="2"/>
        <line num="59" type="stmt" count="2"/>
        <line num="60" type="stmt" count="2"/>
        <line num="61" type="stmt" count="2"/>
        <line num="62" type="stmt" count="2"/>
        <line num="63" type="stmt" count="2"/>
        <metrics loc="66" ncloc="58" classes="1" methods="3" coveredmethods="3" conditionals="0" coveredconditionals="0" statements="14" coveredstatements="14" elements="17" coveredelements="17"/>
      </file>
    </package>
    <package name="App\Core\Customer\Application\Resolver">
      <file name="/srv/app/src/Core/Customer/Application/Resolver/CreateCustomerMutationResolver.php">
        <class name="App\Core\Customer\Application\Resolver\CreateCustomerMutationResolver" namespace="App\Core\Customer\Application\Resolver">
          <metrics complexity="2" methods="2" coveredmethods="2" conditionals="0" coveredconditionals="0" statements="20" coveredstatements="20" elements="22" coveredelements="22"/>
        </class>
        <line num="17" type="method" name="__construct" visibility="public" complexity="1" crap="1" count="1"/>
        <line num="25" type="stmt" count="1"/>
        <line num="42" type="method" name="__invoke" visibility="public" complexity="1" crap="1" count="1"/>
        <line num="56" type="stmt" count="1"/>
        <line num="57" type="stmt" count="1"/>
        <line num="58" type="stmt" count="1"/>
        <line num="60" type="stmt" count="1"/>
        <line num="61" type="stmt" count="1"/>
        <line num="62" type="stmt" count="1"/>
        <line num="63" type="stmt" count="1"/>
        <line num="65" type="stmt" count="1"/>
        <line num="66" type="stmt" count="1"/>
        <line num="67" type="stmt" count="1"/>
        <line num="68" type="stmt" count="1"/>
        <line num="69" type="stmt" count="1"/>
        <line num="70" type="stmt" count="1"/>
        <line num="71" type="stmt" count="1"/>
        <line num="72" type="stmt" count="1"/>
        <line num="73" type="stmt" count="1"/>
        <line num="75" type="stmt" count="1"/>
        <line num="76" type="stmt" count="1"/>
        <line num="78" type="stmt" count="1"/>
        <metrics loc="81" ncloc="55" classes="1" methods="2" coveredmethods="2" conditionals="0" coveredconditionals="0" statements="20" coveredstatements="20" elements="22" coveredelements="22"/>
      </file>
      <file name="/srv/app/src/Core/Customer/Application/Resolver/CreateStatusMutationResolver.php">
        <class name="App\Core\Customer\Application\Resolver\CreateStatusMutationResolver" namespace="App\Core\Customer\Application\Resolver">
          <metrics complexity="2" methods="2" coveredmethods="2" conditionals="0" coveredconditionals="0" statements="8" coveredstatements="8" elements="10" coveredelements="10"/>
        </class>
        <line num="16" type="method" name="__construct" visibility="public" complexity="1" crap="1" count="1"/>
        <line num="23" type="stmt" count="1"/>
        <line num="34" type="method" name="__invoke" visibility="public" complexity="1" crap="1" count="1"/>
        <line num="38" type="stmt" count="1"/>
        <line num="39" type="stmt" count="1"/>
        <line num="40" type="stmt" count="1"/>
        <line num="42" type="stmt" count="1"/>
        <line num="43" type="stmt" count="1"/>
        <line num="44" type="stmt" count="1"/>
        <line num="46" type="stmt" count="1"/>
        <metrics loc="49" ncloc="39" classes="1" methods="2" coveredmethods="2" conditionals="0" coveredconditionals="0" statements="8" coveredstatements="8" elements="10" coveredelements="10"/>
      </file>
      <file name="/srv/app/src/Core/Customer/Application/Resolver/CreateTypeMutationResolver.php">
        <class name="App\Core\Customer\Application\Resolver\CreateTypeMutationResolver" namespace="App\Core\Customer\Application\Resolver">
          <metrics complexity="2" methods="2" coveredmethods="2" conditionals="0" coveredconditionals="0" statements="8" coveredstatements="8" elements="10" coveredelements="10"/>
        </class>
        <line num="16" type="method" name="__construct" visibility="public" complexity="1" crap="1" count="1"/>
        <line num="23" type="stmt" count="1"/>
        <line num="34" type="method" name="__invoke" visibility="public" complexity="1" crap="1" count="1"/>
        <line num="38" type="stmt" count="1"/>
        <line num="39" type="stmt" count="1"/>
        <line num="40" type="stmt" count="1"/>
        <line num="42" type="stmt" count="1"/>
        <line num="43" type="stmt" count="1"/>
        <line num="44" type="stmt" count="1"/>
        <line num="46" type="stmt" count="1"/>
        <metrics loc="49" ncloc="39" classes="1" methods="2" coveredmethods="2" conditionals="0" coveredconditionals="0" statements="8" coveredstatements="8" elements="10" coveredelements="10"/>
      </file>
      <file name="/srv/app/src/Core/Customer/Application/Resolver/CustomerPatchUpdateResolver.php">
        <class name="App\Core\Customer\Application\Resolver\CustomerPatchUpdateResolver" namespace="App\Core\Customer\Application\Resolver">
          <metrics complexity="3" methods="3" coveredmethods="3" conditionals="0" coveredconditionals="0" statements="23" coveredstatements="23" elements="26" coveredelements="26"/>
        </class>
        <line num="14" type="method" name="__construct" visibility="public" complexity="1" crap="1" count="20"/>
        <line num="18" type="stmt" count="20"/>
        <line num="20" type="method" name="build" visibility="public" complexity="1" crap="1" count="18"/>
        <line num="22" type="stmt" count="18"/>
        <line num="23" type="stmt" count="18"/>
        <line num="24" type="stmt" count="18"/>
        <line num="25" type="stmt" count="18"/>
        <line num="26" type="stmt" count="18"/>
        <line num="27" type="stmt" count="18"/>
        <line num="28" type="stmt" count="18"/>
        <line num="29" type="stmt" count="18"/>
        <line num="30" type="stmt" count="18"/>
        <line num="32" type="stmt" count="18"/>
        <line num="43" type="method" name="createUpdate" visibility="private" complexity="1" crap="1" count="18"/>
        <line num="48" type="stmt" count="18"/>
        <line num="49" type="stmt" count="18"/>
        <line num="50" type="stmt" count="18"/>
        <line num="51" type="stmt" count="18"/>
        <line num="52" type="stmt" count="18"/>
        <line num="53" type="stmt" count="18"/>
        <line num="54" type="stmt" count="18"/>
        <line num="55" type="stmt" count="18"/>
        <line num="56" type="stmt" count="18"/>
        <line num="57" type="stmt" count="18"/>
        <line num="58" type="stmt" count="18"/>
        <line num="59" type="stmt" count="18"/>
        <metrics loc="62" ncloc="54" classes="1" methods="3" coveredmethods="3" conditionals="0" coveredconditionals="0" statements="23" coveredstatements="23" elements="26" coveredelements="26"/>
      </file>
      <file name="/srv/app/src/Core/Customer/Application/Resolver/CustomerStatusResolver.php">
        <class name="App\Core\Customer\Application\Resolver\CustomerStatusResolver" namespace="App\Core\Customer\Application\Resolver">
          <metrics complexity="9" methods="6" coveredmethods="6" conditionals="0" coveredconditionals="0" statements="15" coveredstatements="15" elements="21" coveredelements="21"/>
        </class>
        <line num="16" type="method" name="__construct" visibility="public" complexity="1" crap="1" count="10"/>
        <line num="19" type="stmt" count="10"/>
        <line num="24" type="method" name="resolve" visibility="public" complexity="2" crap="2" count="10"/>
        <line num="29" type="stmt" count="10"/>
        <line num="31" type="stmt" count="10"/>
        <line num="32" type="stmt" count="2"/>
        <line num="33" type="stmt" count="10"/>
        <line num="39" type="method" name="fetchResource" visibility="private" complexity="2" crap="2" count="7"/>
        <line num="45" type="stmt" count="7"/>
        <line num="46" type="stmt" count="3"/>
        <line num="47" type="stmt" count="1"/>
        <line num="51" type="method" name="requireIri" visibility="private" complexity="1" crap="1" count="8"/>
        <line num="53" type="stmt" count="8"/>
        <line num="56" type="method" name="assertStatus" visibility="private" complexity="2" crap="2" count="4"/>
        <line num="58" type="stmt" count="4"/>
        <line num="59" type="stmt" count="3"/>
        <line num="60" type="stmt" count="4"/>
        <line num="66" type="method" name="resolveFromIri" visibility="private" complexity="1" crap="1" count="8"/>
        <line num="71" type="stmt" count="8"/>
        <line num="72" type="stmt" count="7"/>
        <line num="74" type="stmt" count="4"/>
        <metrics loc="77" ncloc="68" classes="1" methods="6" coveredmethods="6" conditionals="0" coveredconditionals="0" statements="15" coveredstatements="15" elements="21" coveredelements="21"/>
      </file>
      <file name="/srv/app/src/Core/Customer/Application/Resolver/CustomerUpdateScalarResolver.php">
        <class name="App\Core\Customer\Application\Resolver\CustomerUpdateScalarResolver" namespace="App\Core\Customer\Application\Resolver">
          <metrics complexity="4" methods="3" coveredmethods="3" conditionals="0" coveredconditionals="0" statements="15" coveredstatements="15" elements="18" coveredelements="18"/>
        </class>
        <line num="35" type="method" name="resolveStrings" visibility="public" complexity="1" crap="1" count="25"/>
        <line num="37" type="stmt" count="25"/>
        <line num="38" type="stmt" count="25"/>
        <line num="39" type="stmt" count="25"/>
        <line num="40" type="stmt" count="25"/>
        <line num="41" type="stmt" count="25"/>
        <line num="42" type="stmt" count="25"/>
        <line num="43" type="stmt" count="25"/>
        <line num="44" type="stmt" count="25"/>
        <line num="45" type="stmt" count="25"/>
        <line num="46" type="stmt" count="25"/>
        <line num="54" type="method" name="resolveConfirmed" visibility="public" complexity="1" crap="1" count="20"/>
        <line num="56" type="stmt" count="20"/>
        <line num="59" type="method" name="stringValue" visibility="private" complexity="2" crap="2" count="25"/>
        <line num="61" type="stmt" count="25"/>
        <line num="63" type="stmt" count="25"/>
        <line num="64" type="stmt" count="13"/>
        <line num="67" type="stmt" count="20"/>
        <metrics loc="70" ncloc="50" classes="1" methods="3" coveredmethods="3" conditionals="0" coveredconditionals="0" statements="15" coveredstatements="15" elements="18" coveredelements="18"/>
      </file>
      <file name="/srv/app/src/Core/Customer/Application/Resolver/UpdateCustomerMutationResolver.php">
        <class name="App\Core\Customer\Application\Resolver\UpdateCustomerMutationResolver" namespace="App\Core\Customer\Application\Resolver">
          <metrics complexity="6" methods="4" coveredmethods="4" conditionals="0" coveredconditionals="0" statements="17" coveredstatements="17" elements="21" coveredelements="21"/>
        </class>
        <line num="20" type="method" name="__construct" visibility="public" complexity="1" crap="1" count="5"/>
        <line num="29" type="stmt" count="5"/>
        <line num="47" type="method" name="__invoke" visibility="public" complexity="1" crap="1" count="5"/>
        <line num="62" type="stmt" count="5"/>
        <line num="63" type="stmt" count="5"/>
        <line num="64" type="stmt" count="5"/>
        <line num="66" type="stmt" count="5"/>
        <line num="67" type="stmt" count="3"/>
        <line num="68" type="stmt" count="3"/>
        <line num="70" type="stmt" count="3"/>
        <line num="72" type="stmt" count="3"/>
        <line num="75" type="method" name="findCustomer" visibility="private" complexity="2" crap="2" count="5"/>
        <line num="77" type="stmt" count="5"/>
        <line num="78" type="stmt" count="2"/>
[...]
        </class>
        <line num="22" type="method" name="__construct" visibility="public" complexity="1" crap="1" count="26"/>
        <line num="25" type="stmt" count="26"/>
        <line num="27" type="method" name="validate" visibility="public" complexity="2" crap="2" count="26"/>
        <line num="30" type="stmt" count="26"/>
        <line num="32" type="stmt" count="26"/>
        <line num="33" type="stmt" count="7"/>
        <metrics loc="37" ncloc="29" classes="1" methods="2" coveredmethods="2" conditionals="0" coveredconditionals="0" statements="4" coveredstatements="4" elements="6" coveredelements="6"/>
      </file>
      <file name="/srv/app/src/Shared/Infrastructure/Observability/Validator/EmfPayloadValidator.php">
        <class name="App\Shared\Infrastructure\Observability\Validator\EmfPayloadValidator" namespace="App\Shared\Infrastructure\Observability\Validator">
          <metrics complexity="5" methods="3" coveredmethods="3" conditionals="0" coveredconditionals="0" statements="10" coveredstatements="10" elements="13" coveredelements="13"/>
        </class>
        <line num="21" type="method" name="validate" visibility="public" complexity="1" crap="1" count="14"/>
        <line num="24" type="stmt" count="14"/>
        <line num="25" type="stmt" count="14"/>
        <line num="27" type="stmt" count="14"/>
        <line num="28" type="stmt" count="13"/>
        <line num="35" type="method" name="validateNoDimensionMetricCollision" visibility="private" complexity="2" crap="2" count="14"/>
        <line num="39" type="stmt" count="14"/>
        <line num="41" type="stmt" count="14"/>
        <line num="42" type="stmt" count="1"/>
        <line num="50" type="method" name="validateNoReservedKeyUsed" visibility="private" complexity="2" crap="2" count="13"/>
        <line num="52" type="stmt" count="13"/>
        <line num="54" type="stmt" count="13"/>
        <line num="55" type="stmt" count="2"/>
        <metrics loc="59" ncloc="44" classes="1" methods="3" coveredmethods="3" conditionals="0" coveredconditionals="0" statements="10" coveredstatements="10" elements="13" coveredelements="13"/>
      </file>
    </package>
    <file name="/srv/app/src/Shared/Infrastructure/Observability/Validator/EmfDimensionValueValidatorInterface.php">
      <metrics loc="26" ncloc="13" classes="0" methods="0" coveredmethods="0" conditionals="0" coveredconditionals="0" statements="0" coveredstatements="0" elements="0" coveredelements="0"/>
    </file>
    <file name="/srv/app/src/Shared/Infrastructure/Observability/Validator/EmfNamespaceValidatorInterface.php">
      <metrics loc="25" ncloc="13" classes="0" methods="0" coveredmethods="0" conditionals="0" coveredconditionals="0" statements="0" coveredstatements="0" elements="0" coveredelements="0"/>
    </file>
    <file name="/srv/app/src/Shared/Infrastructure/Observability/Validator/EmfPayloadValidatorInterface.php">
      <metrics loc="18" ncloc="13" classes="0" methods="0" coveredmethods="0" conditionals="0" coveredconditionals="0" statements="0" coveredstatements="0" elements="0" coveredelements="0"/>
    </file>
    <package name="App\Shared\Infrastructure\Observability\ValueObject">
      <file name="/srv/app/src/Shared/Infrastructure/Observability/ValueObject/EmfAwsMetadata.php">
        <class name="App\Shared\Infrastructure\Observability\ValueObject\EmfAwsMetadata" namespace="App\Shared\Infrastructure\Observability\ValueObject">
          <metrics complexity="5" methods="5" coveredmethods="5" conditionals="0" coveredconditionals="0" statements="8" coveredstatements="8" elements="13" coveredelements="13"/>
        </class>
        <line num="18" type="method" name="__construct" visibility="public" complexity="1" crap="1" count="28"/>
        <line num="22" type="stmt" count="28"/>
        <line num="24" type="method" name="timestamp" visibility="public" complexity="1" crap="1" count="3"/>
        <line num="26" type="stmt" count="3"/>
        <line num="29" type="method" name="cloudWatchMetricConfig" visibility="public" complexity="1" crap="1" count="7"/>
        <line num="31" type="stmt" count="7"/>
        <line num="34" type="method" name="withUpdatedConfig" visibility="public" complexity="1" crap="1" count="6"/>
        <line num="36" type="stmt" count="6"/>
        <line num="42" type="method" name="jsonSerialize" visibility="public" complexity="1" crap="1" count="17"/>
        <line num="45" type="stmt" count="17"/>
        <line num="46" type="stmt" count="17"/>
        <line num="47" type="stmt" count="17"/>
        <line num="48" type="stmt" count="17"/>
        <metrics loc="51" ncloc="39" classes="1" methods="5" coveredmethods="5" conditionals="0" coveredconditionals="0" statements="8" coveredstatements="8" elements="13" coveredelements="13"/>
      </file>
      <file name="/srv/app/src/Shared/Infrastructure/Observability/ValueObject/EmfCloudWatchMetricConfig.php">
        <class name="App\Shared\Infrastructure\Observability\ValueObject\EmfCloudWatchMetricConfig" namespace="App\Shared\Infrastructure\Observability\ValueObject">
          <metrics complexity="6" methods="6" coveredmethods="6" conditionals="0" coveredconditionals="0" statements="14" coveredstatements="14" elements="20" coveredelements="20"/>
        </class>
        <line num="22" type="method" name="__construct" visibility="public" complexity="1" crap="1" count="33"/>
        <line num="27" type="stmt" count="33"/>
        <line num="29" type="method" name="namespace" visibility="public" complexity="1" crap="1" count="3"/>
        <line num="31" type="stmt" count="3"/>
        <line num="34" type="method" name="dimensionKeys" visibility="public" complexity="1" crap="1" count="1"/>
        <line num="36" type="stmt" count="1"/>
        <line num="39" type="method" name="metrics" visibility="public" complexity="1" crap="1" count="2"/>
        <line num="41" type="stmt" count="2"/>
        <line num="44" type="method" name="withAddedMetric" visibility="public" complexity="1" crap="1" count="6"/>
        <line num="46" type="stmt" count="6"/>
        <line num="47" type="stmt" count="6"/>
        <line num="48" type="stmt" count="6"/>
        <line num="49" type="stmt" count="6"/>
        <line num="50" type="stmt" count="6"/>
        <line num="56" type="method" name="jsonSerialize" visibility="public" complexity="1" crap="1" count="18"/>
        <line num="59" type="stmt" count="18"/>
        <line num="60" type="stmt" count="18"/>
        <line num="61" type="stmt" count="18"/>
        <line num="62" type="stmt" count="18"/>
        <line num="63" type="stmt" count="18"/>
        <metrics loc="66" ncloc="53" classes="1" methods="6" coveredmethods="6" conditionals="0" coveredconditionals="0" statements="14" coveredstatements="14" elements="20" coveredelements="20"/>
      </file>
      <file name="/srv/app/src/Shared/Infrastructure/Observability/ValueObject/EmfDimensionValue.php">
        <class name="App\Shared\Infrastructure\Observability\ValueObject\EmfDimensionValue" namespace="App\Shared\Infrastructure\Observability\ValueObject">
          <metrics complexity="3" methods="3" coveredmethods="3" conditionals="0" coveredconditionals="0" statements="3" coveredstatements="3" elements="6" coveredelements="6"/>
        </class>
        <line num="19" type="method" name="__construct" visibility="public" complexity="1" crap="1" count="58"/>
        <line num="23" type="stmt" count="58"/>
        <line num="25" type="method" name="key" visibility="public" complexity="1" crap="1" count="52"/>
        <line num="27" type="stmt" count="52"/>
        <line num="30" type="method" name="value" visibility="public" complexity="1" crap="1" count="44"/>
        <line num="32" type="stmt" count="44"/>
        <metrics loc="35" ncloc="25" classes="1" methods="3" coveredmethods="3" conditionals="0" coveredconditionals="0" statements="3" coveredstatements="3" elements="6" coveredelements="6"/>
      </file>
      <file name="/srv/app/src/Shared/Infrastructure/Observability/ValueObject/EmfMetricDefinition.php">
        <class name="App\Shared\Infrastructure\Observability\ValueObject\EmfMetricDefinition" namespace="App\Shared\Infrastructure\Observability\ValueObject">
          <metrics complexity="4" methods="4" coveredmethods="4" conditionals="0" coveredconditionals="0" statements="7" coveredstatements="7" elements="11" coveredelements="11"/>
        </class>
        <line num="15" type="method" name="__construct" visibility="public" complexity="1" crap="1" count="40"/>
        <line num="19" type="stmt" count="40"/>
        <line num="21" type="method" name="name" visibility="public" complexity="1" crap="1" count="1"/>
        <line num="23" type="stmt" count="1"/>
        <line num="26" type="method" name="unit" visibility="public" complexity="1" crap="1" count="1"/>
        <line num="28" type="stmt" count="1"/>
        <line num="34" type="method" name="jsonSerialize" visibility="public" complexity="1" crap="1" count="20"/>
        <line num="37" type="stmt" count="20"/>
        <line num="38" type="stmt" count="20"/>
        <line num="39" type="stmt" count="20"/>
        <line num="40" type="stmt" count="20"/>
        <metrics loc="43" ncloc="34" classes="1" methods="4" coveredmethods="4" conditionals="0" coveredconditionals="0" statements="7" coveredstatements="7" elements="11" coveredelements="11"/>
      </file>
      <file name="/srv/app/src/Shared/Infrastructure/Observability/ValueObject/EmfMetricValue.php">
        <class name="App\Shared\Infrastructure\Observability\ValueObject\EmfMetricValue" namespace="App\Shared\Infrastructure\Observability\ValueObject">
          <metrics complexity="3" methods="3" coveredmethods="3" conditionals="0" coveredconditionals="0" statements="3" coveredstatements="3" elements="6" coveredelements="6"/>
        </class>
        <line num="14" type="method" name="__construct" visibility="public" complexity="1" crap="1" count="32"/>
        <line num="18" type="stmt" count="32"/>
        <line num="20" type="method" name="name" visibility="public" complexity="1" crap="1" count="32"/>
        <line num="22" type="stmt" count="32"/>
        <line num="25" type="method" name="value" visibility="public" complexity="1" crap="1" count="24"/>
        <line num="27" type="stmt" count="24"/>
        <metrics loc="30" ncloc="25" classes="1" methods="3" coveredmethods="3" conditionals="0" coveredconditionals="0" statements="3" coveredstatements="3" elements="6" coveredelements="6"/>
      </file>
      <file name="/srv/app/src/Shared/Infrastructure/Observability/ValueObject/EmfNamespaceValue.php">
        <class name="App\Shared\Infrastructure\Observability\ValueObject\EmfNamespaceValue" namespace="App\Shared\Infrastructure\Observability\ValueObject">
          <metrics complexity="2" methods="2" coveredmethods="2" conditionals="0" coveredconditionals="0" statements="2" coveredstatements="2" elements="4" coveredelements="4"/>
        </class>
        <line num="19" type="method" name="__construct" visibility="public" complexity="1" crap="1" count="26"/>
        <line num="22" type="stmt" count="26"/>
        <line num="24" type="method" name="value" visibility="public" complexity="1" crap="1" count="26"/>
        <line num="26" type="stmt" count="26"/>
        <metrics loc="29" ncloc="19" classes="1" methods="2" coveredmethods="2" conditionals="0" coveredconditionals="0" statements="2" coveredstatements="2" elements="4" coveredelements="4"/>
      </file>
      <file name="/srv/app/src/Shared/Infrastructure/Observability/ValueObject/EmfPayload.php">
        <class name="App\Shared\Infrastructure\Observability\ValueObject\EmfPayload" namespace="App\Shared\Infrastructure\Observability\ValueObject">
          <metrics complexity="6" methods="6" coveredmethods="6" conditionals="0" coveredconditionals="0" statements="17" coveredstatements="17" elements="23" coveredelements="23"/>
        </class>
        <line num="18" type="method" name="__construct" visibility="public" complexity="1" crap="1" count="24"/>
        <line num="23" type="stmt" count="24"/>
        <line num="25" type="method" name="awsMetadata" visibility="public" complexity="1" crap="1" count="1"/>
        <line num="27" type="stmt" count="1"/>
        <line num="30" type="method" name="dimensionValues" visibility="public" complexity="1" crap="1" count="15"/>
        <line num="32" type="stmt" count="15"/>
        <line num="35" type="method" name="metricValues" visibility="public" complexity="1" crap="1" count="15"/>
        <line num="37" type="stmt" count="15"/>
        <line num="40" type="method" name="withAddedMetric" visibility="public" complexity="1" crap="1" count="5"/>
        <line num="44" type="stmt" count="5"/>
        <line num="45" type="stmt" count="5"/>
        <line num="46" type="stmt" count="5"/>
        <line num="48" type="stmt" count="5"/>
        <line num="49" type="stmt" count="5"/>
        <line num="50" type="stmt" count="5"/>
        <line num="51" type="stmt" count="5"/>
        <line num="52" type="stmt" count="5"/>
        <line num="58" type="method" name="jsonSerialize" visibility="public" complexity="1" crap="1" count="16"/>
        <line num="61" type="stmt" count="16"/>
        <line num="62" type="stmt" count="16"/>
        <line num="63" type="stmt" count="16"/>
        <line num="64" type="stmt" count="16"/>
        <line num="65" type="stmt" count="16"/>
        <metrics loc="68" ncloc="59" classes="1" methods="6" coveredmethods="6" conditionals="0" coveredconditionals="0" statements="17" coveredstatements="17" elements="23" coveredelements="23"/>
      </file>
    </package>
    <package name="App\Shared\Infrastructure\RetryStrategy">
      <file name="/srv/app/src/Shared/Infrastructure/RetryStrategy/InfiniteRetryStrategy.php">
        <class name="App\Shared\Infrastructure\RetryStrategy\InfiniteRetryStrategy" namespace="App\Shared\Infrastructure\RetryStrategy">
          <metrics complexity="5" methods="5" coveredmethods="5" conditionals="0" coveredconditionals="0" statements="5" coveredstatements="5" elements="10" coveredelements="10"/>
        </class>
        <line num="14" type="method" name="__construct" visibility="public" complexity="1" crap="1" count="4"/>
        <line num="17" type="stmt" count="4"/>
        <line num="19" type="method" name="shouldRetry" visibility="public" complexity="1" crap="1" count="1"/>
        <line num="24" type="stmt" count="1"/>
        <line num="27" type="method" name="getDelay" visibility="public" complexity="1" crap="1" count="1"/>
        <line num="32" type="stmt" count="1"/>
        <line num="35" type="method" name="isRetryable" visibility="public" complexity="1" crap="1" count="1"/>
        <line num="40" type="stmt" count="1"/>
        <line num="43" type="method" name="getWaitingTime" visibility="public" complexity="1" crap="1" count="1"/>
        <line num="48" type="stmt" count="1"/>
        <metrics loc="51" ncloc="51" classes="1" methods="5" coveredmethods="5" conditionals="0" coveredconditionals="0" statements="5" coveredstatements="5" elements="10" coveredelements="10"/>
      </file>
    </package>
    <package name="App\Shared\Infrastructure\Transformer">
      <file name="/srv/app/src/Shared/Infrastructure/Transformer/UlidTransformer.php">
        <class name="App\Shared\Infrastructure\Transformer\UlidTransformer" namespace="App\Shared\Infrastructure\Transformer">
          <metrics complexity="6" methods="4" coveredmethods="4" conditionals="0" coveredconditionals="0" statements="10" coveredstatements="10" elements="14" coveredelements="14"/>
        </class>
        <line num="15" type="method" name="__construct" visibility="public" complexity="1" crap="1" count="255"/>
        <line num="20" type="stmt" count="255"/>
        <line num="22" type="method" name="toDatabaseValue" visibility="public" complexity="2" crap="2" count="224"/>
        <line num="24" type="stmt" count="224"/>
        <line num="25" type="stmt" count="5"/>
        <line num="28" type="stmt" count="219"/>
        <line num="30" type="stmt" count="219"/>
        <line num="33" type="method" name="toPhpValue" visibility="public" complexity="2" crap="2" count="153"/>
        <line num="35" type="stmt" count="153"/>
        <line num="36" type="stmt" count="1"/>
        <line num="39" type="stmt" count="152"/>
        <line num="41" type="stmt" count="152"/>
        <line num="44" type="method" name="transformFromSymfonyUlid" visibility="public" complexity="1" crap="1" count="204"/>
        <line num="46" type="stmt" count="204"/>
        <metrics loc="49" ncloc="49" classes="1" methods="4" coveredmethods="4" conditionals="0" coveredconditionals="0" statements="10" coveredstatements="10" elements="14" coveredelements="14"/>
      </file>
      <file name="/srv/app/src/Shared/Infrastructure/Transformer/UlidValueTransformer.php">
        <class name="App\Shared\Infrastructure\Transformer\UlidValueTransformer" namespace="App\Shared\Infrastructure\Transformer">
          <metrics complexity="5" methods="3" coveredmethods="3" conditionals="0" coveredconditionals="0" statements="7" coveredstatements="7" elements="10" coveredelements="10"/>
        </class>
        <line num="16" type="method" name="__construct" visibility="public" complexity="1" crap="1" count="259"/>
        <line num="19" type="stmt" count="259"/>
        <line num="21" type="method" name="toUlid" visibility="public" complexity="2" crap="2" count="221"/>
        <line num="23" type="stmt" count="221"/>
        <line num="24" type="stmt" count="181"/>
        <line num="25" type="stmt" count="221"/>
        <line num="28" type="method" name="fromBinary" visibility="public" complexity="2" crap="2" count="154"/>
        <line num="30" type="stmt" count="154"/>
        <line num="31" type="stmt" count="2"/>
        <line num="32" type="stmt" count="154"/>
        <metrics loc="35" ncloc="32" classes="1" methods="3" coveredmethods="3" conditionals="0" coveredconditionals="0" statements="7" coveredstatements="7" elements="10" coveredelements="10"/>
      </file>
    </package>
    <package name="App\Shared\Infrastructure\Validator">
      <file name="/srv/app/src/Shared/Infrastructure/Validator/UlidValidator.php">
        <class name="App\Shared\Infrastructure\Validator\UlidValidator" namespace="App\Shared\Infrastructure\Validator">
          <metrics complexity="4" methods="1" coveredmethods="1" conditionals="0" coveredconditionals="0" statements="2" coveredstatements="2" elements="3" coveredelements="3"/>
        </class>
        <line num="15" type="method" name="isValid" visibility="public" complexity="4" crap="4" count="232"/>
        <line num="18" type="stmt" count="232"/>
        <line num="19" type="stmt" count="232"/>
        <metrics loc="22" ncloc="18" classes="1" methods="1" coveredmethods="1" conditionals="0" coveredconditionals="0" statements="2" coveredstatements="2" elements="3" coveredelements="3"/>
      </file>
    </package>
    <package name="App\Shared">
      <file name="/srv/app/src/Shared/Kernel.php">
        <class name="App\Shared\Kernel" namespace="App\Shared">
          <metrics complexity="0" methods="0" coveredmethods="0" conditionals="0" coveredconditionals="0" statements="0" coveredstatements="0" elements="0" coveredelements="0"/>
        </class>
        <metrics loc="14" ncloc="14" classes="0" methods="0" coveredmethods="0" conditionals="0" coveredconditionals="0" statements="0" coveredstatements="0" elements="0" coveredelements="0"/>
      </file>
    </package>
    <metrics files="318" loc="13570" ncloc="11849" classes="251" methods="779" coveredmethods="779" conditionals="0" coveredconditionals="0" statements="2982" coveredstatements="2982" elements="3761" coveredelements="3761"/>
  </project>
</coverage>
